<?xml version="1.0" encoding="UTF-8"?>
<coverage generated="1748089789017" clover="3.2.0">
  <project timestamp="1748089789018" name="All files">
    <metrics statements="80" coveredstatements="80" conditionals="35" coveredconditionals="32" methods="23" coveredmethods="23" elements="138" coveredelements="135" complexity="0" loc="80" ncloc="80" packages="6" files="12" classes="12"/>
    <package name="SearchableList">
      <metrics statements="30" coveredstatements="30" conditionals="9" coveredconditionals="9" methods="9" coveredmethods="9"/>
      <file name="SearchableList.styled.ts" path="C:\Users\andre\workspace\axcelerate-component\src\components\SearchableList\SearchableList.styled.ts">
        <metrics statements="4" coveredstatements="4" conditionals="0" coveredconditionals="0" methods="0" coveredmethods="0"/>
        <line num="1" count="1" type="stmt"/>
        <line num="3" count="1" type="stmt"/>
        <line num="19" count="1" type="stmt"/>
        <line num="25" count="1" type="stmt"/>
      </file>
      <file name="SearchableList.tsx" path="C:\Users\andre\workspace\axcelerate-component\src\components\SearchableList\SearchableList.tsx">
        <metrics statements="26" coveredstatements="26" conditionals="9" coveredconditionals="9" methods="9" coveredmethods="9"/>
        <line num="1" count="1" type="stmt"/>
        <line num="3" count="1" type="stmt"/>
        <line num="4" count="1" type="stmt"/>
        <line num="5" count="1" type="stmt"/>
        <line num="11" count="1" type="stmt"/>
        <line num="18" count="19" type="stmt"/>
        <line num="19" count="19" type="stmt"/>
        <line num="21" count="38" type="stmt"/>
        <line num="22" count="38" type="stmt"/>
        <line num="27" count="19" type="stmt"/>
        <line num="28" count="16" type="cond" truecount="1" falsecount="0"/>
        <line num="29" count="11" type="stmt"/>
        <line num="32" count="5" type="stmt"/>
        <line num="34" count="5" type="stmt"/>
        <line num="37" count="10" type="stmt"/>
        <line num="38" count="15" type="cond" truecount="3" falsecount="0"/>
        <line num="43" count="10" type="stmt"/>
        <line num="48" count="10" type="stmt"/>
        <line num="51" count="19" type="stmt"/>
        <line num="52" count="2" type="stmt"/>
        <line num="54" count="2" type="stmt"/>
        <line num="59" count="2" type="cond" truecount="1" falsecount="0"/>
        <line num="60" count="2" type="stmt"/>
        <line num="64" count="19" type="stmt"/>
        <line num="75" count="33" type="stmt"/>
        <line num="79" count="2" type="stmt"/>
      </file>
    </package>
    <package name="SearchableList.ContactListItem">
      <metrics statements="16" coveredstatements="16" conditionals="18" coveredconditionals="15" methods="5" coveredmethods="5"/>
      <file name="ContactListItem.styled.ts" path="C:\Users\andre\workspace\axcelerate-component\src\components\SearchableList\ContactListItem\ContactListItem.styled.ts">
        <metrics statements="11" coveredstatements="11" conditionals="10" coveredconditionals="9" methods="3" coveredmethods="3"/>
        <line num="1" count="3" type="stmt"/>
        <line num="3" count="3" type="stmt"/>
        <line num="22" count="3" type="stmt"/>
        <line num="26" count="45" type="cond" truecount="1" falsecount="1"/>
        <line num="32" count="3" type="stmt"/>
        <line num="35" count="45" type="cond" truecount="2" falsecount="0"/>
        <line num="40" count="3" type="stmt"/>
        <line num="47" count="45" type="cond" truecount="3" falsecount="0"/>
        <line num="48" count="44" type="cond" truecount="3" falsecount="0"/>
        <line num="49" count="25" type="stmt"/>
        <line num="57" count="3" type="stmt"/>
      </file>
      <file name="ContactListItem.tsx" path="C:\Users\andre\workspace\axcelerate-component\src\components\SearchableList\ContactListItem\ContactListItem.tsx">
        <metrics statements="5" coveredstatements="5" conditionals="8" coveredconditionals="6" methods="2" coveredmethods="2"/>
        <line num="3" count="3" type="stmt"/>
        <line num="11" count="3" type="stmt"/>
        <line num="16" count="45" type="cond" truecount="2" falsecount="0"/>
        <line num="18" count="45" type="stmt"/>
        <line num="21" count="3" type="stmt"/>
      </file>
    </package>
    <package name="SearchableList.SearchField">
      <metrics statements="10" coveredstatements="10" conditionals="1" coveredconditionals="1" methods="2" coveredmethods="2"/>
      <file name="SearchField.styled.ts" path="C:\Users\andre\workspace\axcelerate-component\src\components\SearchableList\SearchField\SearchField.styled.ts">
        <metrics statements="4" coveredstatements="4" conditionals="0" coveredconditionals="0" methods="0" coveredmethods="0"/>
        <line num="1" count="2" type="stmt"/>
        <line num="3" count="2" type="stmt"/>
        <line num="14" count="2" type="stmt"/>
        <line num="28" count="2" type="stmt"/>
      </file>
      <file name="SearchField.tsx" path="C:\Users\andre\workspace\axcelerate-component\src\components\SearchableList\SearchField\SearchField.tsx">
        <metrics statements="6" coveredstatements="6" conditionals="1" coveredconditionals="1" methods="2" coveredmethods="2"/>
        <line num="2" count="2" type="stmt"/>
        <line num="4" count="2" type="stmt"/>
        <line num="6" count="2" type="stmt"/>
        <line num="11" count="23" type="stmt"/>
        <line num="12" count="7" type="stmt"/>
        <line num="15" count="23" type="stmt"/>
      </file>
    </package>
    <package name="SearchableList.Section">
      <metrics statements="10" coveredstatements="10" conditionals="3" coveredconditionals="3" methods="3" coveredmethods="3"/>
      <file name="Section.styled.ts" path="C:\Users\andre\workspace\axcelerate-component\src\components\SearchableList\Section\Section.styled.ts">
        <metrics statements="3" coveredstatements="3" conditionals="0" coveredconditionals="0" methods="0" coveredmethods="0"/>
        <line num="1" count="2" type="stmt"/>
        <line num="3" count="2" type="stmt"/>
        <line num="8" count="2" type="stmt"/>
      </file>
      <file name="Section.tsx" path="C:\Users\andre\workspace\axcelerate-component\src\components\SearchableList\Section\Section.tsx">
        <metrics statements="7" coveredstatements="7" conditionals="3" coveredconditionals="3" methods="3" coveredmethods="3"/>
        <line num="3" count="2" type="stmt"/>
        <line num="4" count="2" type="stmt"/>
        <line num="5" count="2" type="stmt"/>
        <line num="7" count="2" type="stmt"/>
        <line num="14" count="38" type="stmt"/>
        <line num="19" count="3" type="stmt"/>
        <line num="24" count="41" type="stmt"/>
      </file>
    </package>
    <package name="SearchableList.SectionHeader">
      <metrics statements="8" coveredstatements="8" conditionals="4" coveredconditionals="4" methods="2" coveredmethods="2"/>
      <file name="SectionHeader.styled.ts" path="C:\Users\andre\workspace\axcelerate-component\src\components\SearchableList\SectionHeader\SectionHeader.styled.ts">
        <metrics statements="4" coveredstatements="4" conditionals="2" coveredconditionals="2" methods="1" coveredmethods="1"/>
        <line num="1" count="3" type="stmt"/>
        <line num="3" count="3" type="stmt"/>
        <line num="20" count="3" type="stmt"/>
        <line num="31" count="43" type="cond" truecount="2" falsecount="0"/>
      </file>
      <file name="SectionHeader.tsx" path="C:\Users\andre\workspace\axcelerate-component\src\components\SearchableList\SectionHeader\SectionHeader.tsx">
        <metrics statements="4" coveredstatements="4" conditionals="2" coveredconditionals="2" methods="1" coveredmethods="1"/>
        <line num="2" count="3" type="stmt"/>
        <line num="4" count="3" type="stmt"/>
        <line num="6" count="3" type="stmt"/>
        <line num="11" count="43" type="stmt"/>
      </file>
    </package>
    <package name="icons">
      <metrics statements="6" coveredstatements="6" conditionals="0" coveredconditionals="0" methods="2" coveredmethods="2"/>
      <file name="ChevronIcon.tsx" path="C:\Users\andre\workspace\axcelerate-component\src\components\icons\ChevronIcon.tsx">
        <metrics statements="3" coveredstatements="3" conditionals="0" coveredconditionals="0" methods="1" coveredmethods="1"/>
        <line num="3" count="3" type="stmt"/>
        <line num="4" count="43" type="stmt"/>
        <line num="19" count="3" type="stmt"/>
      </file>
      <file name="SearchIcon.tsx" path="C:\Users\andre\workspace\axcelerate-component\src\components\icons\SearchIcon.tsx">
        <metrics statements="3" coveredstatements="3" conditionals="0" coveredconditionals="0" methods="1" coveredmethods="1"/>
        <line num="3" count="2" type="stmt"/>
        <line num="4" count="23" type="stmt"/>
        <line num="19" count="2" type="stmt"/>
      </file>
    </package>
  </project>
</coverage>
