{"C:\\Users\\andre\\workspace\\axcelerate-component\\src\\components\\SearchableList\\SearchableList.styled.ts": {"path":"C:\\Users\\andre\\workspace\\axcelerate-component\\src\\components\\SearchableList\\SearchableList.styled.ts","statementMap":{"0":{"start":{"line":1,"column":0},"end":{"line":1,"column":39}},"1":{"start":{"line":3,"column":13},"end":{"line":17,"column":2}},"2":{"start":{"line":19,"column":13},"end":{"line":23,"column":2}},"3":{"start":{"line":25,"column":13},"end":{"line":32,"column":2}}},"fnMap":{},"branchMap":{},"s":{"0":1,"1":1,"2":1,"3":1},"f":{},"b":{}}
,"C:\\Users\\andre\\workspace\\axcelerate-component\\src\\components\\SearchableList\\SearchableList.tsx": {"path":"C:\\Users\\andre\\workspace\\axcelerate-component\\src\\components\\SearchableList\\SearchableList.tsx","statementMap":{"0":{"start":{"line":1,"column":0},"end":{"line":1,"column":49}},"1":{"start":{"line":3,"column":0},"end":{"line":3,"column":56}},"2":{"start":{"line":4,"column":0},"end":{"line":4,"column":44}},"3":{"start":{"line":5,"column":0},"end":{"line":5,"column":null}},"4":{"start":{"line":11,"column":61},"end":{"line":90,"column":1}},"5":{"start":{"line":18,"column":38},"end":{"line":18,"column":50}},"6":{"start":{"line":19,"column":50},"end":{"line":23,"column":null}},"7":{"start":{"line":21,"column":6},"end":{"line":21,"column":54}},"8":{"start":{"line":22,"column":6},"end":{"line":22,"column":17}},"9":{"start":{"line":27,"column":27},"end":{"line":49,"column":28}},"10":{"start":{"line":28,"column":4},"end":{"line":30,"column":5}},"11":{"start":{"line":29,"column":6},"end":{"line":29,"column":22}},"12":{"start":{"line":32,"column":33},"end":{"line":32,"column":57}},"13":{"start":{"line":34,"column":4},"end":{"line":48,"column":51}},"14":{"start":{"line":37,"column":30},"end":{"line":39,"column":null}},"15":{"start":{"line":38,"column":10},"end":{"line":39,"column":97}},"16":{"start":{"line":43,"column":8},"end":{"line":46,"column":10}},"17":{"start":{"line":48,"column":25},"end":{"line":48,"column":49}},"18":{"start":{"line":51,"column":30},"end":{"line":62,"column":3}},"19":{"start":{"line":52,"column":29},"end":{"line":52,"column":60}},"20":{"start":{"line":54,"column":4},"end":{"line":57,"column":7}},"21":{"start":{"line":59,"column":4},"end":{"line":61,"column":5}},"22":{"start":{"line":60,"column":6},"end":{"line":60,"column":54}},"23":{"start":{"line":64,"column":2},"end":{"line":89,"column":4}},"24":{"start":{"line":75,"column":12},"end":{"line":76,"column":null}},"25":{"start":{"line":79,"column":30},"end":{"line":79,"column":64}},"26":{"start":{"line":11,"column":13},"end":{"line":11,"column":61}}},"fnMap":{"0":{"name":"(anonymous_0)","decl":{"start":{"line":11,"column":61},"end":{"line":11,"column":62}},"loc":{"start":{"line":17,"column":5},"end":{"line":90,"column":1}}},"1":{"name":"(anonymous_1)","decl":{"start":{"line":20,"column":20},"end":{"line":20,"column":21}},"loc":{"start":{"line":20,"column":37},"end":{"line":23,"column":5}}},"2":{"name":"(anonymous_2)","decl":{"start":{"line":27,"column":35},"end":{"line":27,"column":38}},"loc":{"start":{"line":27,"column":40},"end":{"line":49,"column":3}}},"3":{"name":"(anonymous_3)","decl":{"start":{"line":35,"column":11},"end":{"line":35,"column":18}},"loc":{"start":{"line":35,"column":21},"end":{"line":47,"column":7}}},"4":{"name":"(anonymous_4)","decl":{"start":{"line":37,"column":51},"end":{"line":37,"column":55}},"loc":{"start":{"line":38,"column":10},"end":{"line":39,"column":97}}},"5":{"name":"(anonymous_5)","decl":{"start":{"line":48,"column":14},"end":{"line":48,"column":21}},"loc":{"start":{"line":48,"column":25},"end":{"line":48,"column":49}}},"6":{"name":"(anonymous_6)","decl":{"start":{"line":51,"column":30},"end":{"line":51,"column":31}},"loc":{"start":{"line":51,"column":55},"end":{"line":62,"column":3}}},"7":{"name":"(anonymous_7)","decl":{"start":{"line":74,"column":31},"end":{"line":74,"column":32}},"loc":{"start":{"line":75,"column":12},"end":{"line":76,"column":null}}},"8":{"name":"(anonymous_8)","decl":{"start":{"line":79,"column":24},"end":{"line":79,"column":27}},"loc":{"start":{"line":79,"column":30},"end":{"line":79,"column":64}}}},"branchMap":{"0":{"loc":{"start":{"line":15,"column":2},"end":{"line":15,"column":27}},"type":"default-arg","locations":[{"start":{"line":15,"column":16},"end":{"line":15,"column":27}}]},"1":{"loc":{"start":{"line":16,"column":2},"end":{"line":16,"column":18}},"type":"default-arg","locations":[{"start":{"line":16,"column":14},"end":{"line":16,"column":18}}]},"2":{"loc":{"start":{"line":28,"column":4},"end":{"line":30,"column":5}},"type":"if","locations":[{"start":{"line":28,"column":4},"end":{"line":30,"column":5}}]},"3":{"loc":{"start":{"line":38,"column":10},"end":{"line":39,"column":97}},"type":"binary-expr","locations":[{"start":{"line":38,"column":10},"end":{"line":38,"column":71}},{"start":{"line":39,"column":11},"end":{"line":39,"column":29}},{"start":{"line":39,"column":33},"end":{"line":39,"column":96}}]},"4":{"loc":{"start":{"line":59,"column":4},"end":{"line":61,"column":5}},"type":"if","locations":[{"start":{"line":59,"column":4},"end":{"line":61,"column":5}}]},"5":{"loc":{"start":{"line":73,"column":9},"end":{"line":85,"column":null}},"type":"cond-expr","locations":[{"start":{"line":74,"column":10},"end":{"line":83,"column":12}},{"start":{"line":85,"column":10},"end":{"line":85,"column":67}}]}},"s":{"0":1,"1":1,"2":1,"3":1,"4":1,"5":19,"6":19,"7":38,"8":38,"9":19,"10":16,"11":11,"12":5,"13":5,"14":10,"15":15,"16":10,"17":10,"18":19,"19":2,"20":2,"21":2,"22":2,"23":19,"24":33,"25":2,"26":1},"f":{"0":19,"1":38,"2":16,"3":10,"4":15,"5":10,"6":2,"7":33,"8":2},"b":{"0":[18],"1":[17],"2":[11],"3":[15,13,13],"4":[2],"5":[18,1]}}
,"C:\\Users\\andre\\workspace\\axcelerate-component\\src\\components\\SearchableList\\ContactListItem\\ContactListItem.styled.ts": {"path":"C:\\Users\\andre\\workspace\\axcelerate-component\\src\\components\\SearchableList\\ContactListItem\\ContactListItem.styled.ts","statementMap":{"0":{"start":{"line":1,"column":0},"end":{"line":1,"column":39}},"1":{"start":{"line":3,"column":13},"end":{"line":20,"column":2}},"2":{"start":{"line":22,"column":13},"end":{"line":30,"column":2}},"3":{"start":{"line":26,"column":25},"end":{"line":26,"column":68}},"4":{"start":{"line":32,"column":13},"end":{"line":38,"column":2}},"5":{"start":{"line":35,"column":18},"end":{"line":35,"column":48}},"6":{"start":{"line":40,"column":13},"end":{"line":55,"column":2}},"7":{"start":{"line":47,"column":4},"end":{"line":47,"column":66}},"8":{"start":{"line":47,"column":49},"end":{"line":47,"column":66}},"9":{"start":{"line":48,"column":4},"end":{"line":48,"column":65}},"10":{"start":{"line":48,"column":48},"end":{"line":48,"column":65}},"11":{"start":{"line":49,"column":4},"end":{"line":49,"column":21}},"12":{"start":{"line":57,"column":13},"end":{"line":67,"column":2}}},"fnMap":{"0":{"name":"(anonymous_1)","decl":{"start":{"line":26,"column":16},"end":{"line":26,"column":21}},"loc":{"start":{"line":26,"column":25},"end":{"line":26,"column":68}}},"1":{"name":"(anonymous_2)","decl":{"start":{"line":35,"column":9},"end":{"line":35,"column":14}},"loc":{"start":{"line":35,"column":18},"end":{"line":35,"column":48}}},"2":{"name":"(anonymous_3)","decl":{"start":{"line":46,"column":11},"end":{"line":46,"column":16}},"loc":{"start":{"line":46,"column":19},"end":{"line":50,"column":3}}}},"branchMap":{"0":{"loc":{"start":{"line":26,"column":25},"end":{"line":26,"column":68}},"type":"cond-expr","locations":[{"start":{"line":26,"column":37},"end":{"line":26,"column":56}},{"start":{"line":26,"column":59},"end":{"line":26,"column":68}}]},"1":{"loc":{"start":{"line":35,"column":18},"end":{"line":35,"column":48}},"type":"cond-expr","locations":[{"start":{"line":35,"column":37},"end":{"line":35,"column":42}},{"start":{"line":35,"column":45},"end":{"line":35,"column":48}}]},"2":{"loc":{"start":{"line":47,"column":4},"end":{"line":47,"column":66}},"type":"if","locations":[{"start":{"line":47,"column":4},"end":{"line":47,"column":66}}]},"3":{"loc":{"start":{"line":47,"column":8},"end":{"line":47,"column":47}},"type":"binary-expr","locations":[{"start":{"line":47,"column":8},"end":{"line":47,"column":26}},{"start":{"line":47,"column":30},"end":{"line":47,"column":47}}]},"4":{"loc":{"start":{"line":48,"column":4},"end":{"line":48,"column":65}},"type":"if","locations":[{"start":{"line":48,"column":4},"end":{"line":48,"column":65}}]},"5":{"loc":{"start":{"line":48,"column":8},"end":{"line":48,"column":46}},"type":"binary-expr","locations":[{"start":{"line":48,"column":8},"end":{"line":48,"column":26}},{"start":{"line":48,"column":30},"end":{"line":48,"column":46}}]}},"s":{"0":3,"1":3,"2":3,"3":45,"4":3,"5":45,"6":3,"7":45,"8":1,"9":44,"10":19,"11":25,"12":3},"f":{"0":45,"1":45,"2":45},"b":{"0":[45,0],"1":[42,3],"2":[1],"3":[45,20],"4":[19],"5":[44,19]}}
,"C:\\Users\\andre\\workspace\\axcelerate-component\\src\\components\\SearchableList\\ContactListItem\\ContactListItem.tsx": {"path":"C:\\Users\\andre\\workspace\\axcelerate-component\\src\\components\\SearchableList\\ContactListItem\\ContactListItem.tsx","statementMap":{"0":{"start":{"line":3,"column":0},"end":{"line":3,"column":null}},"1":{"start":{"line":11,"column":63},"end":{"line":38,"column":1}},"2":{"start":{"line":16,"column":25},"end":{"line":16,"column":86}},"3":{"start":{"line":18,"column":2},"end":{"line":37,"column":4}},"4":{"start":{"line":21,"column":21},"end":{"line":21,"column":34}},"5":{"start":{"line":11,"column":13},"end":{"line":11,"column":63}}},"fnMap":{"0":{"name":"(anonymous_0)","decl":{"start":{"line":11,"column":63},"end":{"line":11,"column":64}},"loc":{"start":{"line":15,"column":5},"end":{"line":38,"column":1}}},"1":{"name":"(anonymous_1)","decl":{"start":{"line":21,"column":15},"end":{"line":21,"column":18}},"loc":{"start":{"line":21,"column":21},"end":{"line":21,"column":34}}}},"branchMap":{"0":{"loc":{"start":{"line":13,"column":2},"end":{"line":13,"column":18}},"type":"default-arg","locations":[{"start":{"line":13,"column":14},"end":{"line":13,"column":18}}]},"1":{"loc":{"start":{"line":16,"column":25},"end":{"line":16,"column":86}},"type":"cond-expr","locations":[{"start":{"line":16,"column":44},"end":{"line":16,"column":74}},{"start":{"line":16,"column":77},"end":{"line":16,"column":86}}]},"2":{"loc":{"start":{"line":28,"column":20},"end":{"line":28,"column":86}},"type":"cond-expr","locations":[{"start":{"line":28,"column":37},"end":{"line":28,"column":67}},{"start":{"line":28,"column":70},"end":{"line":28,"column":86}}]},"3":{"loc":{"start":{"line":32,"column":9},"end":{"line":33,"column":null}},"type":"binary-expr","locations":[{"start":{"line":32,"column":9},"end":{"line":32,"column":18}},{"start":{"line":32,"column":22},"end":{"line":32,"column":40}},{"start":{"line":33,"column":10},"end":{"line":33,"column":61}}]}},"s":{"0":3,"1":3,"2":45,"3":45,"4":3,"5":3},"f":{"0":45,"1":3},"b":{"0":[0],"1":[20,25],"2":[45,0],"3":[45,42,42]}}
,"C:\\Users\\andre\\workspace\\axcelerate-component\\src\\components\\SearchableList\\SearchField\\SearchField.styled.ts": {"path":"C:\\Users\\andre\\workspace\\axcelerate-component\\src\\components\\SearchableList\\SearchField\\SearchField.styled.ts","statementMap":{"0":{"start":{"line":1,"column":0},"end":{"line":1,"column":39}},"1":{"start":{"line":3,"column":13},"end":{"line":12,"column":2}},"2":{"start":{"line":14,"column":13},"end":{"line":26,"column":2}},"3":{"start":{"line":28,"column":13},"end":{"line":42,"column":2}}},"fnMap":{},"branchMap":{},"s":{"0":2,"1":2,"2":2,"3":2},"f":{},"b":{}}
,"C:\\Users\\andre\\workspace\\axcelerate-component\\src\\components\\SearchableList\\SearchField\\SearchField.tsx": {"path":"C:\\Users\\andre\\workspace\\axcelerate-component\\src\\components\\SearchableList\\SearchField\\SearchField.tsx","statementMap":{"0":{"start":{"line":2,"column":0},"end":{"line":2,"column":48}},"1":{"start":{"line":4,"column":0},"end":{"line":4,"column":71}},"2":{"start":{"line":6,"column":55},"end":{"line":28,"column":1}},"3":{"start":{"line":11,"column":23},"end":{"line":13,"column":3}},"4":{"start":{"line":12,"column":4},"end":{"line":12,"column":29}},"5":{"start":{"line":15,"column":2},"end":{"line":27,"column":4}},"6":{"start":{"line":6,"column":13},"end":{"line":6,"column":55}}},"fnMap":{"0":{"name":"(anonymous_1)","decl":{"start":{"line":6,"column":55},"end":{"line":6,"column":56}},"loc":{"start":{"line":10,"column":5},"end":{"line":28,"column":1}}},"1":{"name":"(anonymous_2)","decl":{"start":{"line":11,"column":23},"end":{"line":11,"column":24}},"loc":{"start":{"line":11,"column":66},"end":{"line":13,"column":3}}}},"branchMap":{"0":{"loc":{"start":{"line":9,"column":2},"end":{"line":9,"column":27}},"type":"default-arg","locations":[{"start":{"line":9,"column":16},"end":{"line":9,"column":27}}]}},"s":{"0":2,"1":2,"2":2,"3":23,"4":7,"5":23,"6":2},"f":{"0":23,"1":7},"b":{"0":[3]}}
,"C:\\Users\\andre\\workspace\\axcelerate-component\\src\\components\\SearchableList\\Section\\Section.styled.ts": {"path":"C:\\Users\\andre\\workspace\\axcelerate-component\\src\\components\\SearchableList\\Section\\Section.styled.ts","statementMap":{"0":{"start":{"line":1,"column":0},"end":{"line":1,"column":39}},"1":{"start":{"line":3,"column":13},"end":{"line":6,"column":2}},"2":{"start":{"line":8,"column":13},"end":{"line":12,"column":2}}},"fnMap":{},"branchMap":{},"s":{"0":2,"1":2,"2":2},"f":{},"b":{}}
,"C:\\Users\\andre\\workspace\\axcelerate-component\\src\\components\\SearchableList\\Section\\Section.tsx": {"path":"C:\\Users\\andre\\workspace\\axcelerate-component\\src\\components\\SearchableList\\Section\\Section.tsx","statementMap":{"0":{"start":{"line":3,"column":0},"end":{"line":3,"column":63}},"1":{"start":{"line":4,"column":0},"end":{"line":4,"column":69}},"2":{"start":{"line":5,"column":0},"end":{"line":5,"column":68}},"3":{"start":{"line":7,"column":47},"end":{"line":35,"column":1}},"4":{"start":{"line":14,"column":2},"end":{"line":34,"column":4}},"5":{"start":{"line":19,"column":24},"end":{"line":19,"column":47}},"6":{"start":{"line":24,"column":12},"end":{"line":25,"column":null}},"7":{"start":{"line":7,"column":13},"end":{"line":7,"column":47}}},"fnMap":{"0":{"name":"(anonymous_0)","decl":{"start":{"line":7,"column":47},"end":{"line":7,"column":48}},"loc":{"start":{"line":13,"column":5},"end":{"line":35,"column":1}}},"1":{"name":"(anonymous_1)","decl":{"start":{"line":19,"column":18},"end":{"line":19,"column":21}},"loc":{"start":{"line":19,"column":24},"end":{"line":19,"column":47}}},"2":{"name":"(anonymous_2)","decl":{"start":{"line":23,"column":29},"end":{"line":23,"column":30}},"loc":{"start":{"line":24,"column":12},"end":{"line":25,"column":null}}}},"branchMap":{"0":{"loc":{"start":{"line":12,"column":2},"end":{"line":12,"column":18}},"type":"default-arg","locations":[{"start":{"line":12,"column":14},"end":{"line":12,"column":18}}]},"1":{"loc":{"start":{"line":21,"column":7},"end":{"line":31,"column":null}},"type":"binary-expr","locations":[{"start":{"line":21,"column":7},"end":{"line":21,"column":15}},{"start":{"line":22,"column":8},"end":{"line":30,"column":null}}]}},"s":{"0":2,"1":2,"2":2,"3":2,"4":38,"5":3,"6":41,"7":2},"f":{"0":38,"1":3,"2":41},"b":{"0":[5],"1":[38,24]}}
,"C:\\Users\\andre\\workspace\\axcelerate-component\\src\\components\\SearchableList\\SectionHeader\\SectionHeader.styled.ts": {"path":"C:\\Users\\andre\\workspace\\axcelerate-component\\src\\components\\SearchableList\\SectionHeader\\SectionHeader.styled.ts","statementMap":{"0":{"start":{"line":1,"column":0},"end":{"line":1,"column":39}},"1":{"start":{"line":3,"column":13},"end":{"line":18,"column":2}},"2":{"start":{"line":20,"column":13},"end":{"line":34,"column":2}},"3":{"start":{"line":31,"column":26},"end":{"line":31,"column":77}}},"fnMap":{"0":{"name":"(anonymous_1)","decl":{"start":{"line":31,"column":17},"end":{"line":31,"column":22}},"loc":{"start":{"line":31,"column":26},"end":{"line":31,"column":77}}}},"branchMap":{"0":{"loc":{"start":{"line":31,"column":26},"end":{"line":31,"column":77}},"type":"cond-expr","locations":[{"start":{"line":31,"column":44},"end":{"line":31,"column":60}},{"start":{"line":31,"column":63},"end":{"line":31,"column":77}}]}},"s":{"0":3,"1":3,"2":3,"3":43},"f":{"0":43},"b":{"0":[25,18]}}
,"C:\\Users\\andre\\workspace\\axcelerate-component\\src\\components\\SearchableList\\SectionHeader\\SectionHeader.tsx": {"path":"C:\\Users\\andre\\workspace\\axcelerate-component\\src\\components\\SearchableList\\SectionHeader\\SectionHeader.tsx","statementMap":{"0":{"start":{"line":2,"column":0},"end":{"line":2,"column":50}},"1":{"start":{"line":4,"column":0},"end":{"line":4,"column":94}},"2":{"start":{"line":6,"column":59},"end":{"line":24,"column":1}},"3":{"start":{"line":11,"column":2},"end":{"line":23,"column":4}},"4":{"start":{"line":6,"column":13},"end":{"line":6,"column":59}}},"fnMap":{"0":{"name":"(anonymous_1)","decl":{"start":{"line":6,"column":59},"end":{"line":6,"column":60}},"loc":{"start":{"line":10,"column":5},"end":{"line":24,"column":1}}}},"branchMap":{"0":{"loc":{"start":{"line":16,"column":39},"end":{"line":16,"column":74}},"type":"cond-expr","locations":[{"start":{"line":16,"column":50},"end":{"line":16,"column":60}},{"start":{"line":16,"column":63},"end":{"line":16,"column":74}}]}},"s":{"0":3,"1":3,"2":3,"3":43,"4":3},"f":{"0":43},"b":{"0":[25,18]}}
,"C:\\Users\\andre\\workspace\\axcelerate-component\\src\\components\\icons\\ChevronIcon.tsx": {"path":"C:\\Users\\andre\\workspace\\axcelerate-component\\src\\components\\icons\\ChevronIcon.tsx","statementMap":{"0":{"start":{"line":3,"column":68},"end":{"line":16,"column":null}},"1":{"start":{"line":4,"column":2},"end":{"line":15,"column":null}},"2":{"start":{"line":3,"column":13},"end":{"line":3,"column":68}},"3":{"start":{"line":19,"column":0},"end":{"line":19,"column":27}}},"fnMap":{"0":{"name":"(anonymous_0)","decl":{"start":{"line":3,"column":68},"end":{"line":3,"column":69}},"loc":{"start":{"line":4,"column":2},"end":{"line":15,"column":null}}}},"branchMap":{},"s":{"0":3,"1":43,"2":3,"3":3},"f":{"0":43},"b":{}}
,"C:\\Users\\andre\\workspace\\axcelerate-component\\src\\components\\icons\\SearchIcon.tsx": {"path":"C:\\Users\\andre\\workspace\\axcelerate-component\\src\\components\\icons\\SearchIcon.tsx","statementMap":{"0":{"start":{"line":3,"column":67},"end":{"line":16,"column":null}},"1":{"start":{"line":4,"column":2},"end":{"line":15,"column":null}},"2":{"start":{"line":3,"column":13},"end":{"line":3,"column":67}},"3":{"start":{"line":19,"column":0},"end":{"line":19,"column":26}}},"fnMap":{"0":{"name":"(anonymous_0)","decl":{"start":{"line":3,"column":67},"end":{"line":3,"column":68}},"loc":{"start":{"line":4,"column":2},"end":{"line":15,"column":null}}}},"branchMap":{},"s":{"0":2,"1":23,"2":2,"3":2},"f":{"0":23},"b":{}}
}
