TN:
SF:src\components\SearchableList\SearchableList.styled.ts
FNF:0
FNH:0
DA:1,1
DA:3,1
DA:19,1
DA:25,1
LF:4
LH:4
BRF:0
BRH:0
end_of_record
TN:
SF:src\components\SearchableList\SearchableList.tsx
FN:11,(anonymous_0)
FN:20,(anonymous_1)
FN:27,(anonymous_2)
FN:35,(anonymous_3)
FN:37,(anonymous_4)
FN:48,(anonymous_5)
FN:51,(anonymous_6)
FN:74,(anonymous_7)
FN:79,(anonymous_8)
FNF:9
FNH:9
FNDA:19,(anonymous_0)
FNDA:38,(anonymous_1)
FNDA:16,(anonymous_2)
FNDA:10,(anonymous_3)
FNDA:15,(anonymous_4)
FNDA:10,(anonymous_5)
FNDA:2,(anonymous_6)
FNDA:33,(anonymous_7)
FNDA:2,(anonymous_8)
DA:1,1
DA:3,1
DA:4,1
DA:5,1
DA:11,1
DA:18,19
DA:19,19
DA:21,38
DA:22,38
DA:27,19
DA:28,16
DA:29,11
DA:32,5
DA:34,5
DA:37,10
DA:38,15
DA:43,10
DA:48,10
DA:51,19
DA:52,2
DA:54,2
DA:59,2
DA:60,2
DA:64,19
DA:75,33
DA:79,2
LF:26
LH:26
BRDA:15,0,0,18
BRDA:16,1,0,17
BRDA:28,2,0,11
BRDA:38,3,0,15
BRDA:38,3,1,13
BRDA:38,3,2,13
BRDA:59,4,0,2
BRDA:73,5,0,18
BRDA:73,5,1,1
BRF:9
BRH:9
end_of_record
TN:
SF:src\components\SearchableList\ContactListItem\ContactListItem.styled.ts
FN:26,(anonymous_1)
FN:35,(anonymous_2)
FN:46,(anonymous_3)
FNF:3
FNH:3
FNDA:45,(anonymous_1)
FNDA:45,(anonymous_2)
FNDA:45,(anonymous_3)
DA:1,3
DA:3,3
DA:22,3
DA:26,45
DA:32,3
DA:35,45
DA:40,3
DA:47,45
DA:48,44
DA:49,25
DA:57,3
LF:11
LH:11
BRDA:26,0,0,45
BRDA:26,0,1,0
BRDA:35,1,0,42
BRDA:35,1,1,3
BRDA:47,2,0,1
BRDA:47,3,0,45
BRDA:47,3,1,20
BRDA:48,4,0,19
BRDA:48,5,0,44
BRDA:48,5,1,19
BRF:10
BRH:9
end_of_record
TN:
SF:src\components\SearchableList\ContactListItem\ContactListItem.tsx
FN:11,(anonymous_0)
FN:21,(anonymous_1)
FNF:2
FNH:2
FNDA:45,(anonymous_0)
FNDA:3,(anonymous_1)
DA:3,3
DA:11,3
DA:16,45
DA:18,45
DA:21,3
LF:5
LH:5
BRDA:13,0,0,0
BRDA:16,1,0,20
BRDA:16,1,1,25
BRDA:28,2,0,45
BRDA:28,2,1,0
BRDA:32,3,0,45
BRDA:32,3,1,42
BRDA:32,3,2,42
BRF:8
BRH:6
end_of_record
TN:
SF:src\components\SearchableList\SearchField\SearchField.styled.ts
FNF:0
FNH:0
DA:1,2
DA:3,2
DA:14,2
DA:28,2
LF:4
LH:4
BRF:0
BRH:0
end_of_record
TN:
SF:src\components\SearchableList\SearchField\SearchField.tsx
FN:6,(anonymous_1)
FN:11,(anonymous_2)
FNF:2
FNH:2
FNDA:23,(anonymous_1)
FNDA:7,(anonymous_2)
DA:2,2
DA:4,2
DA:6,2
DA:11,23
DA:12,7
DA:15,23
LF:6
LH:6
BRDA:9,0,0,3
BRF:1
BRH:1
end_of_record
TN:
SF:src\components\SearchableList\Section\Section.styled.ts
FNF:0
FNH:0
DA:1,2
DA:3,2
DA:8,2
LF:3
LH:3
BRF:0
BRH:0
end_of_record
TN:
SF:src\components\SearchableList\Section\Section.tsx
FN:7,(anonymous_0)
FN:19,(anonymous_1)
FN:23,(anonymous_2)
FNF:3
FNH:3
FNDA:38,(anonymous_0)
FNDA:3,(anonymous_1)
FNDA:41,(anonymous_2)
DA:3,2
DA:4,2
DA:5,2
DA:7,2
DA:14,38
DA:19,3
DA:24,41
LF:7
LH:7
BRDA:12,0,0,5
BRDA:21,1,0,38
BRDA:21,1,1,24
BRF:3
BRH:3
end_of_record
TN:
SF:src\components\SearchableList\SectionHeader\SectionHeader.styled.ts
FN:31,(anonymous_1)
FNF:1
FNH:1
FNDA:43,(anonymous_1)
DA:1,3
DA:3,3
DA:20,3
DA:31,43
LF:4
LH:4
BRDA:31,0,0,25
BRDA:31,0,1,18
BRF:2
BRH:2
end_of_record
TN:
SF:src\components\SearchableList\SectionHeader\SectionHeader.tsx
FN:6,(anonymous_1)
FNF:1
FNH:1
FNDA:43,(anonymous_1)
DA:2,3
DA:4,3
DA:6,3
DA:11,43
LF:4
LH:4
BRDA:16,0,0,25
BRDA:16,0,1,18
BRF:2
BRH:2
end_of_record
TN:
SF:src\components\icons\ChevronIcon.tsx
FN:3,(anonymous_0)
FNF:1
FNH:1
FNDA:43,(anonymous_0)
DA:3,3
DA:4,43
DA:19,3
LF:3
LH:3
BRF:0
BRH:0
end_of_record
TN:
SF:src\components\icons\SearchIcon.tsx
FN:3,(anonymous_0)
FNF:1
FNH:1
FNDA:23,(anonymous_0)
DA:3,2
DA:4,23
DA:19,2
LF:3
LH:3
BRF:0
BRH:0
end_of_record
